20:10:36.526 INFO  manager.ApplicationManager - All tests run in Crome Browser
20:10:37.066 INFO  manager.ApplicationManager - The link--->https://telranedu.web.app/home
20:10:42.448 INFO  tests.TestBase - Name of method ---> addNewContactEmptyAddress
20:10:50.083 INFO  tests.TestBase - Name of method ---> addNewContactEmptyLastName
20:10:57.659 INFO  tests.TestBase - Name of method ---> addNewContactEmptyName
20:11:05.227 INFO  tests.TestBase - Name of method ---> addNewContactEmptyNumber
20:11:17.309 INFO  tests.TestBase - Name of method ---> addNewContactSuccessFull
20:11:26.099 INFO  tests.TestBase - Name of method ---> addNewContactSuccessPartly
20:11:34.671 INFO  tests.TestBase - Name of method ---> addNewContactWrongEmail
20:11:46.726 INFO  tests.TestBase - Name of method ---> addNewContactWrongNumber
20:11:59.344 INFO  tests.TestBase - Name of method ---> loginSuccess
20:11:59.419 INFO  tests.TestBase - Before method finished logout
20:11:59.638 INFO  tests.TestBase - Test data--> email:sonicboom@gmail.com & password:Snow123456!
20:11:59.966 INFO  tests.TestBase - End
20:11:59.967 INFO  tests.TestBase - Name of method ---> loginSuccess1
20:12:00.029 INFO  tests.TestBase - Before method finished logout
20:12:00.553 INFO  tests.TestBase - Name of method ---> loginUnregisteredUser
20:12:00.605 INFO  tests.TestBase - Before method finished logout
20:12:00.606 INFO  tests.TestBase - Test data--> email:sonicboom@gmail.com & password:Snow123456!
20:12:05.353 INFO  tests.TestBase - Assert check is alert Wrong email or password
20:12:05.357 INFO  tests.TestBase - Name of method ---> loginWrongEmail
20:12:10.382 INFO  tests.TestBase - Before method finished logout
20:12:10.383 INFO  tests.TestBase - Test data--> email:sonicboom@gmail.com & password:Snow123456!
20:12:15.142 INFO  tests.TestBase - Assert check is alert Wrong email or password
20:12:15.145 INFO  tests.TestBase - Name of method ---> loginWrongPassword
20:12:20.158 INFO  tests.TestBase - Before method finished logout
20:12:20.160 INFO  tests.TestBase - Test data--> email:sonicboom@gmail.com & password:Snow123456
20:12:24.928 INFO  tests.TestBase - Assert check is alert Wrong email or password
20:12:24.930 INFO  tests.TestBase - Name of method ---> registrationEmptyEmail
20:12:42.226 INFO  tests.TestBase - Name of method ---> registrationEmptyPassword
20:12:52.032 INFO  tests.TestBase - Name of method ---> registrationExistUser
20:13:01.849 INFO  tests.TestBase - Name of method ---> registrationSuccess
20:13:07.661 INFO  tests.TestBase - Name of method ---> registrationWrongEmail
20:13:12.974 INFO  tests.TestBase - Name of method ---> registrationWrongPassword
20:13:22.785 INFO  tests.TestBase - Name of method ---> removeAllContacts
20:13:51.571 INFO  manager.HelperBase - Number of Contacts before remove---> 5
20:13:52.664 INFO  manager.HelperBase - Number of Contacts after remove---> 5
20:13:52.679 INFO  manager.HelperBase - Number of Contacts before remove---> 4
20:13:53.762 INFO  manager.HelperBase - Number of Contacts after remove---> 4
20:13:53.777 INFO  manager.HelperBase - Number of Contacts before remove---> 3
20:13:54.850 INFO  manager.HelperBase - Number of Contacts after remove---> 3
20:13:54.866 INFO  manager.HelperBase - Number of Contacts before remove---> 2
20:13:55.948 INFO  manager.HelperBase - Number of Contacts after remove---> 2
20:13:55.964 INFO  manager.HelperBase - Number of Contacts before remove---> 1
20:14:02.074 INFO  manager.HelperBase - Number of Contacts after remove---> 1
20:14:07.149 INFO  tests.TestBase - Name of method ---> removeFirstContact
20:14:35.172 INFO  manager.HelperBase - Number of Contacts before remove---> 3
20:14:36.260 INFO  manager.HelperBase - Number of Contacts after remove---> 3
