18:57:51.366 INFO  manager.ApplicationManager - All tests run inFirefoxBroweser
18:57:51.569 INFO  manager.WDListener - url-->https://telranedu.web.app/home
18:57:52.109 INFO  manager.ApplicationManager - The link--->https://telranedu.web.app/home
18:57:52.119 INFO  manager.TestNGListener - Start test: Wed Mar 12 18:57:52 IST 2025
18:57:52.145 INFO  tests.TestBase - Name of method ---> loginSuccess
18:57:57.170 INFO  tests.TestBase - Before method finished logout
18:57:57.172 INFO  manager.TestNGListener - Start test: LoginTests.loginSuccess(java.lang.String,java.lang.String)[pri:0, instance:tests.LoginTests@4426bff1]
18:57:57.173 INFO  manager.WDListener - Before find element
18:57:57.186 INFO  manager.WDListener - After find element
18:57:57.425 INFO  manager.WDListener - Before find element
18:57:57.438 INFO  manager.WDListener - After find element
18:57:57.715 INFO  manager.WDListener - Before find element
18:57:57.724 INFO  manager.WDListener - After find element
18:57:57.955 INFO  tests.TestBase - Test data-->sonicboom@gmail.comPassword--->Snow123456!
18:57:57.955 INFO  manager.WDListener - Before find element
18:57:57.966 INFO  manager.WDListener - After find element
18:57:59.082 INFO  tests.TestBase - End
18:57:59.083 INFO  manager.TestNGListener - Start test: null
18:57:59.084 INFO  tests.TestBase - Name of method ---> loginSuccess
18:57:59.095 INFO  manager.WDListener - Before find element
18:57:59.136 INFO  manager.WDListener - After find element
18:57:59.404 INFO  tests.TestBase - Before method finished logout
18:57:59.405 INFO  manager.TestNGListener - Start test: LoginTests.loginSuccess(java.lang.String,java.lang.String)[pri:0, instance:tests.LoginTests@4426bff1]
18:57:59.405 INFO  manager.WDListener - Before find element
18:57:59.455 INFO  manager.WDListener - After find element
18:57:59.668 INFO  manager.WDListener - Before find element
18:57:59.675 INFO  manager.WDListener - After find element
18:57:59.942 INFO  manager.WDListener - Before find element
18:57:59.952 INFO  manager.WDListener - After find element
18:58:00.185 INFO  tests.TestBase - Test data-->sonicboom@gmail.comPassword--->Snow123456!
18:58:00.186 INFO  manager.WDListener - Before find element
18:58:00.195 INFO  manager.WDListener - After find element
18:58:00.462 INFO  tests.TestBase - End
18:58:00.462 INFO  manager.TestNGListener - Start test: null
18:58:00.463 INFO  tests.TestBase - Name of method ---> loginSuccess
18:58:00.470 INFO  manager.WDListener - Before find element
18:58:00.477 INFO  manager.WDListener - After find element
18:58:00.689 INFO  tests.TestBase - Before method finished logout
18:58:00.690 INFO  manager.TestNGListener - Start test: LoginTests.loginSuccess(java.lang.String,java.lang.String)[pri:0, instance:tests.LoginTests@4426bff1]
18:58:00.690 INFO  manager.WDListener - Before find element
18:58:00.698 INFO  manager.WDListener - After find element
18:58:00.910 INFO  manager.WDListener - Before find element
18:58:00.917 INFO  manager.WDListener - After find element
18:58:01.156 INFO  manager.WDListener - Before find element
18:58:01.167 INFO  manager.WDListener - After find element
18:58:01.396 INFO  tests.TestBase - Test data-->sonicboom@gmail.comPassword--->Snow123456!
18:58:01.397 INFO  manager.WDListener - Before find element
18:58:01.402 INFO  manager.WDListener - After find element
18:58:01.671 INFO  tests.TestBase - End
18:58:01.671 INFO  manager.TestNGListener - Start test: null
18:58:01.672 INFO  tests.TestBase - Name of method ---> loginSuccessModelDataProvider
18:58:01.678 INFO  manager.WDListener - Before find element
18:58:01.684 INFO  manager.WDListener - After find element
18:58:01.897 INFO  tests.TestBase - Before method finished logout
18:58:01.898 INFO  manager.TestNGListener - Start test: LoginTests.loginSuccessModelDataProvider(models.User)[pri:0, instance:tests.LoginTests@4426bff1]
18:58:01.899 INFO  tests.TestBase - Test data-->User{, email='sonicboom@gmail.com', password='Snow123456!'}
18:58:01.899 INFO  manager.WDListener - Before find element
18:58:01.905 INFO  manager.WDListener - After find element
18:58:02.118 INFO  manager.WDListener - Before find element
18:58:02.125 INFO  manager.WDListener - After find element
18:58:02.363 INFO  manager.WDListener - Before find element
18:58:02.369 INFO  manager.WDListener - After find element
18:58:02.597 INFO  manager.WDListener - Before find element
18:58:02.603 INFO  manager.WDListener - After find element
18:58:02.865 INFO  manager.TestNGListener - Start test: null
18:58:02.865 INFO  tests.TestBase - Name of method ---> loginSuccessModelDataProvider
18:58:02.872 INFO  manager.WDListener - Before find element
18:58:02.878 INFO  manager.WDListener - After find element
18:58:03.088 INFO  tests.TestBase - Before method finished logout
18:58:03.089 INFO  manager.TestNGListener - Start test: LoginTests.loginSuccessModelDataProvider(models.User)[pri:0, instance:tests.LoginTests@4426bff1]
18:58:03.089 INFO  tests.TestBase - Test data-->User{, email='sonicboom@gmail.com', password='Snow123456!'}
18:58:03.089 INFO  manager.WDListener - Before find element
18:58:03.094 INFO  manager.WDListener - After find element
18:58:03.306 INFO  manager.WDListener - Before find element
18:58:03.313 INFO  manager.WDListener - After find element
18:58:03.541 INFO  manager.WDListener - Before find element
18:58:03.546 INFO  manager.WDListener - After find element
18:58:03.776 INFO  manager.WDListener - Before find element
18:58:03.781 INFO  manager.WDListener - After find element
18:58:04.046 INFO  manager.TestNGListener - Start test: null
18:58:04.046 INFO  tests.TestBase - Name of method ---> loginSuccessModelDataProvider
18:58:04.052 INFO  manager.WDListener - Before find element
18:58:04.057 INFO  manager.WDListener - After find element
18:58:04.273 INFO  tests.TestBase - Before method finished logout
18:58:04.273 INFO  manager.TestNGListener - Start test: LoginTests.loginSuccessModelDataProvider(models.User)[pri:0, instance:tests.LoginTests@4426bff1]
18:58:04.274 INFO  tests.TestBase - Test data-->User{, email='sonicboom@gmail.com', password='Snow123456!'}
18:58:04.274 INFO  manager.WDListener - Before find element
18:58:04.279 INFO  manager.WDListener - After find element
18:58:04.490 INFO  manager.WDListener - Before find element
18:58:04.500 INFO  manager.WDListener - After find element
18:58:04.740 INFO  manager.WDListener - Before find element
18:58:04.744 INFO  manager.WDListener - After find element
18:58:04.973 INFO  manager.WDListener - Before find element
18:58:04.979 INFO  manager.WDListener - After find element
18:58:05.246 INFO  manager.TestNGListener - Start test: null
18:58:05.248 INFO  tests.TestBase - Name of method ---> loginSuccessModelDataproviderCSV
18:58:05.252 INFO  manager.WDListener - Before find element
18:58:05.257 INFO  manager.WDListener - After find element
18:58:05.467 INFO  tests.TestBase - Before method finished logout
18:58:05.468 INFO  manager.TestNGListener - Start test: LoginTests.loginSuccessModelDataproviderCSV(models.User)[pri:0, instance:tests.LoginTests@4426bff1]
18:58:08.473 INFO  tests.TestBase - Test data-->User{, email='sonicboom@gmail.com', password='Snow123456!'}
18:58:08.474 INFO  manager.WDListener - Before find element
18:58:08.485 INFO  manager.WDListener - After find element
18:58:08.701 INFO  manager.WDListener - Before find element
18:58:08.707 INFO  manager.WDListener - After find element
18:58:08.945 INFO  manager.WDListener - Before find element
18:58:08.950 INFO  manager.WDListener - After find element
18:58:09.180 INFO  manager.WDListener - Before find element
18:58:09.185 INFO  manager.WDListener - After find element
18:58:12.412 INFO  manager.TestNGListener - Start test: null
18:58:12.412 INFO  tests.TestBase - Name of method ---> loginSuccessModelDataproviderCSV
18:58:12.418 INFO  manager.WDListener - Before find element
18:58:12.422 INFO  manager.WDListener - After find element
18:58:12.635 INFO  tests.TestBase - Before method finished logout
18:58:12.635 INFO  manager.TestNGListener - Start test: LoginTests.loginSuccessModelDataproviderCSV(models.User)[pri:0, instance:tests.LoginTests@4426bff1]
18:58:15.636 INFO  tests.TestBase - Test data-->User{, email='sonicboom@gmail.com', password='Snow123456!'}
18:58:15.637 INFO  manager.WDListener - Before find element
18:58:15.646 INFO  manager.WDListener - After find element
18:58:15.858 INFO  manager.WDListener - Before find element
18:58:15.864 INFO  manager.WDListener - After find element
18:58:16.095 INFO  manager.WDListener - Before find element
18:58:16.100 INFO  manager.WDListener - After find element
18:58:16.329 INFO  manager.WDListener - Before find element
18:58:16.334 INFO  manager.WDListener - After find element
18:58:19.558 INFO  manager.TestNGListener - Start test: null
18:58:19.558 INFO  tests.TestBase - Name of method ---> loginSuccessModelDataproviderCSV
18:58:19.563 INFO  manager.WDListener - Before find element
18:58:19.568 INFO  manager.WDListener - After find element
18:58:19.783 INFO  tests.TestBase - Before method finished logout
18:58:19.783 INFO  manager.TestNGListener - Start test: LoginTests.loginSuccessModelDataproviderCSV(models.User)[pri:0, instance:tests.LoginTests@4426bff1]
18:58:22.787 INFO  tests.TestBase - Test data-->User{, email='sonicboom@gmail.com', password='Snow123456!'}
18:58:22.788 INFO  manager.WDListener - Before find element
18:58:22.801 INFO  manager.WDListener - After find element
18:58:23.017 INFO  manager.WDListener - Before find element
18:58:23.025 INFO  manager.WDListener - After find element
18:58:23.259 INFO  manager.WDListener - Before find element
18:58:23.264 INFO  manager.WDListener - After find element
18:58:23.492 INFO  manager.WDListener - Before find element
18:58:23.496 INFO  manager.WDListener - After find element
18:58:26.719 INFO  manager.TestNGListener - Start test: null
18:58:26.720 INFO  tests.TestBase - Name of method ---> loginUnregisteredUser
18:58:26.725 INFO  manager.WDListener - Before find element
18:58:26.729 INFO  manager.WDListener - After find element
18:58:26.945 INFO  tests.TestBase - Before method finished logout
18:58:26.946 INFO  manager.TestNGListener - Start test: LoginTests.loginUnregisteredUser()[pri:0, instance:tests.LoginTests@4426bff1]
18:58:26.946 INFO  tests.TestBase - Test data--> email:sonicboom@gmail.com & password:Snow123456!
18:58:26.946 INFO  manager.WDListener - Before find element
18:58:26.951 INFO  manager.WDListener - After find element
18:58:27.160 INFO  manager.WDListener - Before find element
18:58:27.166 INFO  manager.WDListener - After find element
18:58:27.404 INFO  manager.WDListener - Before find element
18:58:27.408 INFO  manager.WDListener - After find element
18:58:27.637 INFO  manager.WDListener - Before find element
18:58:27.642 INFO  manager.WDListener - After find element
18:58:27.866 INFO  manager.WDListener - Huston, we have a problem!!!
18:58:27.866 INFO  manager.WDListener - !!!!!!!!!!!!
18:58:27.866 INFO  manager.WDListener - Object target:org.openqa.selenium.remote.RemoteWebDriver$RemoteTargetLocator@43f03c23
18:58:27.866 INFO  manager.WDListener - Method name: alert
18:58:27.867 INFO  manager.WDListener - InvocationTargetException: org.openqa.selenium.NoAlertPresentException: Build info: version: '4.16.1', revision: '9b4c83354e'
System info: os.name: 'Mac OS X', os.arch: 'aarch64', os.version: '13.2', java.version: '17.0.12'
Driver info: org.openqa.selenium.firefox.FirefoxDriver
Command: [f5d345f0-7018-4ed4-92d1-290ce169ec8a, getAlertText {}]
Capabilities {acceptInsecureCerts: true, browserName: firefox, browserVersion: 136.0, moz:accessibilityChecks: false, moz:buildID: 20250227124745, moz:geckodriverVersion: 0.36.0, moz:headless: false, moz:platformVersion: 22.3.0, moz:processID: 54562, moz:profile: /var/folders/pr/6xtyzzbd321..., moz:shutdownTimeout: 60000, moz:webdriverClick: true, moz:windowless: false, pageLoadStrategy: normal, platformName: mac, proxy: Proxy(), setWindowRect: true, strictFileInteractability: false, timeouts: {implicit: 0, pageLoad: 300000, script: 30000}, unhandledPromptBehavior: dismiss and notify, userAgent: Mozilla/5.0 (Macintosh; Int...}
Session ID: f5d345f0-7018-4ed4-92d1-290ce169ec8a
18:58:27.868 INFO  manager.WDListener - Screen with error is --->src/test/screenshots/screen_1160.png
18:58:32.403 INFO  tests.TestBase - Assert check is alert Wrong email or password
18:58:32.403 INFO  manager.TestNGListener - Start test: null
18:58:32.404 INFO  tests.TestBase - Name of method ---> loginWrongEmail
18:58:37.419 INFO  tests.TestBase - Before method finished logout
18:58:37.420 INFO  manager.TestNGListener - Start test: LoginTests.loginWrongEmail()[pri:0, instance:tests.LoginTests@4426bff1]
18:58:37.421 INFO  tests.TestBase - Test data--> email:sonicboom@gmail.com & password:Snow123456!
18:58:37.421 INFO  manager.WDListener - Before find element
18:58:37.429 INFO  manager.WDListener - After find element
18:58:37.647 INFO  manager.WDListener - Before find element
18:58:37.657 INFO  manager.WDListener - After find element
18:58:37.896 INFO  manager.WDListener - Before find element
18:58:37.900 INFO  manager.WDListener - After find element
18:58:38.130 INFO  manager.WDListener - Before find element
18:58:38.135 INFO  manager.WDListener - After find element
18:58:38.355 INFO  manager.WDListener - Huston, we have a problem!!!
18:58:38.355 INFO  manager.WDListener - !!!!!!!!!!!!
18:58:38.355 INFO  manager.WDListener - Object target:org.openqa.selenium.remote.RemoteWebDriver$RemoteTargetLocator@4f93bf0a
18:58:38.355 INFO  manager.WDListener - Method name: alert
18:58:38.355 INFO  manager.WDListener - InvocationTargetException: org.openqa.selenium.NoAlertPresentException: Build info: version: '4.16.1', revision: '9b4c83354e'
System info: os.name: 'Mac OS X', os.arch: 'aarch64', os.version: '13.2', java.version: '17.0.12'
Driver info: org.openqa.selenium.firefox.FirefoxDriver
Command: [f5d345f0-7018-4ed4-92d1-290ce169ec8a, getAlertText {}]
Capabilities {acceptInsecureCerts: true, browserName: firefox, browserVersion: 136.0, moz:accessibilityChecks: false, moz:buildID: 20250227124745, moz:geckodriverVersion: 0.36.0, moz:headless: false, moz:platformVersion: 22.3.0, moz:processID: 54562, moz:profile: /var/folders/pr/6xtyzzbd321..., moz:shutdownTimeout: 60000, moz:webdriverClick: true, moz:windowless: false, pageLoadStrategy: normal, platformName: mac, proxy: Proxy(), setWindowRect: true, strictFileInteractability: false, timeouts: {implicit: 0, pageLoad: 300000, script: 30000}, unhandledPromptBehavior: dismiss and notify, userAgent: Mozilla/5.0 (Macintosh; Int...}
Session ID: f5d345f0-7018-4ed4-92d1-290ce169ec8a
18:58:38.355 INFO  manager.WDListener - Screen with error is --->src/test/screenshots/screen_1560.png
18:58:42.890 INFO  tests.TestBase - Assert check is alert Wrong email or password
18:58:42.890 INFO  manager.TestNGListener - Start test: null
18:58:42.890 INFO  tests.TestBase - Name of method ---> loginWrongPassword
18:58:47.898 INFO  tests.TestBase - Before method finished logout
18:58:47.900 INFO  manager.TestNGListener - Start test: LoginTests.loginWrongPassword()[pri:0, instance:tests.LoginTests@4426bff1]
18:58:47.900 INFO  tests.TestBase - Test data--> email:sonicboom@gmail.com & password:Snow123456
18:58:47.900 INFO  manager.WDListener - Before find element
18:58:47.907 INFO  manager.WDListener - After find element
18:58:48.121 INFO  manager.WDListener - Before find element
18:58:48.130 INFO  manager.WDListener - After find element
18:58:48.371 INFO  manager.WDListener - Before find element
18:58:48.376 INFO  manager.WDListener - After find element
18:58:48.605 INFO  manager.WDListener - Before find element
18:58:48.610 INFO  manager.WDListener - After find element
18:58:48.826 INFO  manager.WDListener - Huston, we have a problem!!!
18:58:48.826 INFO  manager.WDListener - !!!!!!!!!!!!
18:58:48.826 INFO  manager.WDListener - Object target:org.openqa.selenium.remote.RemoteWebDriver$RemoteTargetLocator@7af0affa
18:58:48.826 INFO  manager.WDListener - Method name: alert
18:58:48.826 INFO  manager.WDListener - InvocationTargetException: org.openqa.selenium.NoAlertPresentException: Build info: version: '4.16.1', revision: '9b4c83354e'
System info: os.name: 'Mac OS X', os.arch: 'aarch64', os.version: '13.2', java.version: '17.0.12'
Driver info: org.openqa.selenium.firefox.FirefoxDriver
Command: [f5d345f0-7018-4ed4-92d1-290ce169ec8a, getAlertText {}]
Capabilities {acceptInsecureCerts: true, browserName: firefox, browserVersion: 136.0, moz:accessibilityChecks: false, moz:buildID: 20250227124745, moz:geckodriverVersion: 0.36.0, moz:headless: false, moz:platformVersion: 22.3.0, moz:processID: 54562, moz:profile: /var/folders/pr/6xtyzzbd321..., moz:shutdownTimeout: 60000, moz:webdriverClick: true, moz:windowless: false, pageLoadStrategy: normal, platformName: mac, proxy: Proxy(), setWindowRect: true, strictFileInteractability: false, timeouts: {implicit: 0, pageLoad: 300000, script: 30000}, unhandledPromptBehavior: dismiss and notify, userAgent: Mozilla/5.0 (Macintosh; Int...}
Session ID: f5d345f0-7018-4ed4-92d1-290ce169ec8a
18:58:48.826 INFO  manager.WDListener - Screen with error is --->src/test/screenshots/screen_1537.png
18:58:53.369 INFO  tests.TestBase - Assert check is alert Wrong email or password
18:58:53.370 INFO  manager.TestNGListener - Start test: null
18:58:53.371 INFO  manager.TestNGListener - End test: Nopackage
